<?xml version="1.0" encoding="UTF-8"?>
<!-- Generated by org.testng.reporters.JUnitReportReporter -->
<testsuite hostname="EBRK" failures="0" tests="7" name="testRunner.TestRunner" time="23.932" errors="0" timestamp="2025-04-18T11:19:47 EDT" skipped="0">
  <testcase classname="testRunner.TestRunner" name="runScenario" time="3.419"/>
  <testcase classname="testRunner.TestRunner" name="runScenario" time="3.392"/>
  <testcase classname="testRunner.TestRunner" name="runScenario" time="3.353"/>
  <testcase classname="testRunner.TestRunner" name="runScenario" time="3.608"/>
  <testcase classname="testRunner.TestRunner" name="runScenario" time="3.341"/>
  <testcase classname="testRunner.TestRunner" name="runScenario" time="3.324"/>
  <testcase classname="testRunner.TestRunner" name="runScenario" time="3.495"/>
</testsuite> <!-- testRunner.TestRunner -->
